{"/Users/han/Desktop/demo/vue3-json-schema-form/lib/SchemaForm.tsx": {"path":"/Users/han/Desktop/demo/vue3-json-schema-form/lib/SchemaForm.tsx","statementMap":{"0":{"start":{"line":1,"column":0},"end":{"line":1,"column":null}},"1":{"start":{"line":5,"column":0},"end":{"line":5,"column":null}},"2":{"start":{"line":6,"column":0},"end":{"line":6,"column":null}},"3":{"start":{"line":10,"column":0},"end":{"line":48,"column":null}},"4":{"start":{"line":26,"column":26},"end":{"line":28,"column":5}},"5":{"start":{"line":27,"column":6},"end":{"line":27,"column":null}},"6":{"start":{"line":30,"column":25},"end":{"line":32,"column":null}},"7":{"start":{"line":34,"column":4},"end":{"line":34,"column":null}},"8":{"start":{"line":36,"column":4},"end":{"line":46,"column":null}},"9":{"start":{"line":37,"column":32},"end":{"line":37,"column":37}},"10":{"start":{"line":38,"column":6},"end":{"line":43,"column":null}}},"fnMap":{"0":{"name":"(anonymous_1)","decl":{"start":{"line":25,"column":2},"end":{"line":25,"column":7}},"loc":{"start":{"line":25,"column":37},"end":{"line":47,"column":null}}},"1":{"name":"(anonymous_2)","decl":{"start":{"line":26,"column":26},"end":{"line":26,"column":32}},"loc":{"start":{"line":26,"column":36},"end":{"line":28,"column":5}}},"2":{"name":"(anonymous_3)","decl":{"start":{"line":36,"column":11},"end":{"line":36,"column":16}},"loc":{"start":{"line":36,"column":16},"end":{"line":46,"column":5}}}},"branchMap":{},"s":{"0":3,"1":3,"2":3,"3":3,"4":3,"5":0,"6":3,"7":3,"8":3,"9":3,"10":3},"f":{"0":3,"1":0,"2":3},"b":{}}
,"/Users/han/Desktop/demo/vue3-json-schema-form/lib/SchemaItem.tsx": {"path":"/Users/han/Desktop/demo/vue3-json-schema-form/lib/SchemaItem.tsx","statementMap":{"0":{"start":{"line":1,"column":0},"end":{"line":1,"column":null}},"1":{"start":{"line":3,"column":0},"end":{"line":3,"column":null}},"2":{"start":{"line":5,"column":0},"end":{"line":5,"column":null}},"3":{"start":{"line":6,"column":0},"end":{"line":6,"column":null}},"4":{"start":{"line":8,"column":0},"end":{"line":8,"column":null}},"5":{"start":{"line":9,"column":0},"end":{"line":9,"column":null}},"6":{"start":{"line":11,"column":0},"end":{"line":11,"column":null}},"7":{"start":{"line":13,"column":0},"end":{"line":58,"column":null}},"8":{"start":{"line":17,"column":31},"end":{"line":20,"column":6}},"9":{"start":{"line":18,"column":44},"end":{"line":18,"column":49}},"10":{"start":{"line":19,"column":6},"end":{"line":19,"column":null}},"11":{"start":{"line":22,"column":4},"end":{"line":56,"column":null}},"12":{"start":{"line":23,"column":44},"end":{"line":23,"column":49}},"13":{"start":{"line":25,"column":30},"end":{"line":25,"column":54}},"14":{"start":{"line":29,"column":19},"end":{"line":29,"column":30}},"15":{"start":{"line":35,"column":10},"end":{"line":35,"column":null}},"16":{"start":{"line":36,"column":10},"end":{"line":36,"column":null}},"17":{"start":{"line":39,"column":10},"end":{"line":39,"column":null}},"18":{"start":{"line":40,"column":10},"end":{"line":40,"column":null}},"19":{"start":{"line":43,"column":10},"end":{"line":43,"column":null}},"20":{"start":{"line":44,"column":10},"end":{"line":44,"column":null}},"21":{"start":{"line":47,"column":10},"end":{"line":47,"column":null}},"22":{"start":{"line":48,"column":10},"end":{"line":48,"column":null}},"23":{"start":{"line":51,"column":10},"end":{"line":51,"column":null}},"24":{"start":{"line":55,"column":6},"end":{"line":55,"column":null}}},"fnMap":{"0":{"name":"(anonymous_1)","decl":{"start":{"line":16,"column":2},"end":{"line":16,"column":7}},"loc":{"start":{"line":16,"column":13},"end":{"line":57,"column":null}}},"1":{"name":"(anonymous_2)","decl":{"start":{"line":17,"column":40},"end":{"line":17,"column":45}},"loc":{"start":{"line":17,"column":45},"end":{"line":20,"column":5}}},"2":{"name":"(anonymous_3)","decl":{"start":{"line":22,"column":11},"end":{"line":22,"column":16}},"loc":{"start":{"line":22,"column":16},"end":{"line":56,"column":5}}}},"branchMap":{},"s":{"0":3,"1":3,"2":3,"3":3,"4":3,"5":3,"6":3,"7":3,"8":7,"9":7,"10":7,"11":7,"12":7,"13":7,"14":7,"15":2,"16":2,"17":3,"18":3,"19":1,"20":1,"21":1,"22":1,"23":0,"24":7},"f":{"0":7,"1":7,"2":7},"b":{}}
,"/Users/han/Desktop/demo/vue3-json-schema-form/lib/context.ts": {"path":"/Users/han/Desktop/demo/vue3-json-schema-form/lib/context.ts","statementMap":{"0":{"start":{"line":1,"column":0},"end":{"line":1,"column":null}},"1":{"start":{"line":4,"column":13},"end":{"line":4,"column":null}},"2":{"start":{"line":8,"column":4},"end":{"line":8,"column":32}},"3":{"start":{"line":11,"column":4},"end":{"line":11,"column":null}},"4":{"start":{"line":14,"column":2},"end":{"line":14,"column":null}},"5":{"start":{"line":6,"column":0},"end":{"line":6,"column":16}}},"fnMap":{"0":{"name":"useVJSFContext","decl":{"start":{"line":6,"column":16},"end":{"line":6,"column":30}},"loc":{"start":{"line":6,"column":30},"end":{"line":15,"column":null}}}},"branchMap":{},"s":{"0":3,"1":3,"2":2,"3":0,"4":2,"5":3},"f":{"0":2},"b":{}}
,"/Users/han/Desktop/demo/vue3-json-schema-form/lib/index.ts": {"path":"/Users/han/Desktop/demo/vue3-json-schema-form/lib/index.ts","statementMap":{"0":{"start":{"line":3,"column":0},"end":{"line":3,"column":null}},"1":{"start":{"line":4,"column":0},"end":{"line":4,"column":7}},"2":{"start":{"line":12,"column":9},"end":{"line":4,"column":null}},"3":{"start":{"line":5,"column":0},"end":{"line":5,"column":7}},"4":{"start":{"line":12,"column":22},"end":{"line":5,"column":null}},"5":{"start":{"line":6,"column":0},"end":{"line":6,"column":7}},"6":{"start":{"line":12,"column":35},"end":{"line":6,"column":null}},"7":{"start":{"line":7,"column":0},"end":{"line":7,"column":7}},"8":{"start":{"line":12,"column":47},"end":{"line":7,"column":null}},"9":{"start":{"line":9,"column":0},"end":{"line":9,"column":7}},"10":{"start":{"line":12,"column":60},"end":{"line":9,"column":null}},"11":{"start":{"line":11,"column":0},"end":{"line":11,"column":null}}},"fnMap":{},"branchMap":{},"s":{"0":3,"1":3,"2":3,"3":3,"4":3,"5":3,"6":3,"7":3,"8":3,"9":3,"10":3,"11":3},"f":{},"b":{}}
,"/Users/han/Desktop/demo/vue3-json-schema-form/lib/types.ts": {"path":"/Users/han/Desktop/demo/vue3-json-schema-form/lib/types.ts","statementMap":{"0":{"start":{"line":1,"column":0},"end":{"line":1,"column":null}},"1":{"start":{"line":3,"column":0},"end":{"line":3,"column":null}},"2":{"start":{"line":4,"column":2},"end":{"line":4,"column":null}},"3":{"start":{"line":5,"column":2},"end":{"line":5,"column":null}},"4":{"start":{"line":6,"column":2},"end":{"line":6,"column":null}},"5":{"start":{"line":7,"column":2},"end":{"line":7,"column":null}},"6":{"start":{"line":8,"column":2},"end":{"line":8,"column":null}},"7":{"start":{"line":9,"column":2},"end":{"line":9,"column":null}},"8":{"start":{"line":52,"column":13},"end":{"line":68,"column":null}},"9":{"start":{"line":70,"column":13},"end":{"line":72,"column":null}}},"fnMap":{"0":{"name":"(anonymous_0)","decl":{"start":{"line":3,"column":0},"end":{"line":3,"column":12}},"loc":{"start":{"line":3,"column":23},"end":{"line":10,"column":1}}}},"branchMap":{"0":{"loc":{"start":{"line":3,"column":12},"end":{"line":3,"column":null}},"type":"binary-expr","locations":[{"start":{"line":3,"column":12},"end":{"line":3,"column":23}},{"start":{"line":3,"column":12},"end":{"line":3,"column":null}}]}},"s":{"0":3,"1":3,"2":3,"3":3,"4":3,"5":3,"6":3,"7":3,"8":3,"9":3},"f":{"0":3},"b":{"0":[3,3]}}
,"/Users/han/Desktop/demo/vue3-json-schema-form/lib/utils.ts": {"path":"/Users/han/Desktop/demo/vue3-json-schema-form/lib/utils.ts","statementMap":{"0":{"start":{"line":1,"column":0},"end":{"line":1,"column":null}},"1":{"start":{"line":5,"column":0},"end":{"line":5,"column":null}},"2":{"start":{"line":6,"column":0},"end":{"line":6,"column":null}},"3":{"start":{"line":7,"column":0},"end":{"line":7,"column":null}},"4":{"start":{"line":10,"column":2},"end":{"line":10,"column":null}},"5":{"start":{"line":9,"column":0},"end":{"line":9,"column":16}},"6":{"start":{"line":14,"column":2},"end":{"line":14,"column":null}},"7":{"start":{"line":13,"column":0},"end":{"line":13,"column":16}},"8":{"start":{"line":22,"column":2},"end":{"line":22,"column":null}},"9":{"start":{"line":17,"column":0},"end":{"line":17,"column":16}},"10":{"start":{"line":29,"column":24},"end":{"line":29,"column":33}},"11":{"start":{"line":31,"column":16},"end":{"line":31,"column":54}},"12":{"start":{"line":32,"column":2},"end":{"line":35,"column":null}},"13":{"start":{"line":30,"column":0},"end":{"line":30,"column":16}},"14":{"start":{"line":41,"column":4},"end":{"line":41,"column":null}},"15":{"start":{"line":43,"column":27},"end":{"line":43,"column":76}},"16":{"start":{"line":44,"column":4},"end":{"line":44,"column":null}},"17":{"start":{"line":46,"column":4},"end":{"line":51,"column":null}},"18":{"start":{"line":49,"column":8},"end":{"line":49,"column":60}},"19":{"start":{"line":54,"column":4},"end":{"line":54,"column":null}},"20":{"start":{"line":39,"column":0},"end":{"line":39,"column":16}},"21":{"start":{"line":64,"column":4},"end":{"line":64,"column":null}},"22":{"start":{"line":66,"column":23},"end":{"line":66,"column":66}},"23":{"start":{"line":71,"column":6},"end":{"line":75,"column":null}},"24":{"start":{"line":77,"column":6},"end":{"line":77,"column":null}},"25":{"start":{"line":78,"column":55},"end":{"line":78,"column":69}},"26":{"start":{"line":79,"column":6},"end":{"line":79,"column":null}},"27":{"start":{"line":83,"column":4},"end":{"line":84,"column":49}},"28":{"start":{"line":87,"column":4},"end":{"line":91,"column":null}},"29":{"start":{"line":93,"column":2},"end":{"line":93,"column":null}},"30":{"start":{"line":58,"column":0},"end":{"line":58,"column":16}},"31":{"start":{"line":96,"column":13},"end":{"line":96,"column":null}},"32":{"start":{"line":104,"column":2},"end":{"line":107,"column":null}},"33":{"start":{"line":109,"column":2},"end":{"line":132,"column":null}},"34":{"start":{"line":112,"column":6},"end":{"line":112,"column":null}},"35":{"start":{"line":117,"column":6},"end":{"line":121,"column":null}},"36":{"start":{"line":123,"column":6},"end":{"line":123,"column":null}},"37":{"start":{"line":125,"column":6},"end":{"line":125,"column":null}},"38":{"start":{"line":129,"column":6},"end":{"line":129,"column":null}},"39":{"start":{"line":131,"column":6},"end":{"line":131,"column":null}},"40":{"start":{"line":134,"column":2},"end":{"line":134,"column":null}},"41":{"start":{"line":98,"column":0},"end":{"line":98,"column":16}},"42":{"start":{"line":152,"column":21},"end":{"line":152,"column":66}},"43":{"start":{"line":154,"column":35},"end":{"line":154,"column":41}},"44":{"start":{"line":156,"column":2},"end":{"line":156,"column":null}},"45":{"start":{"line":160,"column":18},"end":{"line":160,"column":22}},"46":{"start":{"line":163,"column":4},"end":{"line":163,"column":null}},"47":{"start":{"line":165,"column":4},"end":{"line":165,"column":null}},"48":{"start":{"line":167,"column":18},"end":{"line":167,"column":51}},"49":{"start":{"line":169,"column":4},"end":{"line":169,"column":null}},"50":{"start":{"line":173,"column":4},"end":{"line":173,"column":null}},"51":{"start":{"line":175,"column":2},"end":{"line":175,"column":null}},"52":{"start":{"line":159,"column":0},"end":{"line":159,"column":16}},"53":{"start":{"line":184,"column":49},"end":{"line":184,"column":55}},"54":{"start":{"line":186,"column":4},"end":{"line":189,"column":null}},"55":{"start":{"line":191,"column":4},"end":{"line":194,"column":null}},"56":{"start":{"line":196,"column":2},"end":{"line":196,"column":null}},"57":{"start":{"line":208,"column":6},"end":{"line":208,"column":null}},"58":{"start":{"line":215,"column":6},"end":{"line":215,"column":null}},"59":{"start":{"line":218,"column":6},"end":{"line":218,"column":18}},"60":{"start":{"line":220,"column":6},"end":{"line":220,"column":null}},"61":{"start":{"line":222,"column":6},"end":{"line":228,"column":null}},"62":{"start":{"line":230,"column":4},"end":{"line":235,"column":null}},"63":{"start":{"line":237,"column":2},"end":{"line":237,"column":null}},"64":{"start":{"line":242,"column":4},"end":{"line":242,"column":null}},"65":{"start":{"line":244,"column":19},"end":{"line":246,"column":26}},"66":{"start":{"line":247,"column":2},"end":{"line":247,"column":null}},"67":{"start":{"line":258,"column":40},"end":{"line":261,"column":null}},"68":{"start":{"line":263,"column":2},"end":{"line":263,"column":null}},"69":{"start":{"line":266,"column":4},"end":{"line":266,"column":null}},"70":{"start":{"line":268,"column":4},"end":{"line":268,"column":null}},"71":{"start":{"line":271,"column":24},"end":{"line":274,"column":null}},"72":{"start":{"line":272,"column":4},"end":{"line":274,"column":17}},"73":{"start":{"line":276,"column":2},"end":{"line":282,"column":null}},"74":{"start":{"line":292,"column":26},"end":{"line":308,"column":4}},"75":{"start":{"line":294,"column":6},"end":{"line":294,"column":null}},"76":{"start":{"line":296,"column":57},"end":{"line":296,"column":77}},"77":{"start":{"line":298,"column":30},"end":{"line":303,"column":null}},"78":{"start":{"line":305,"column":25},"end":{"line":305,"column":64}},"79":{"start":{"line":306,"column":6},"end":{"line":306,"column":null}},"80":{"start":{"line":310,"column":4},"end":{"line":312,"column":null}},"81":{"start":{"line":313,"column":4},"end":{"line":313,"column":null}},"82":{"start":{"line":316,"column":20},"end":{"line":316,"column":38}},"83":{"start":{"line":318,"column":4},"end":{"line":318,"column":24}},"84":{"start":{"line":319,"column":26},"end":{"line":319,"column":74}},"85":{"start":{"line":320,"column":2},"end":{"line":324,"column":null}},"86":{"start":{"line":333,"column":14},"end":{"line":333,"column":37}},"87":{"start":{"line":334,"column":2},"end":{"line":354,"column":null}},"88":{"start":{"line":335,"column":17},"end":{"line":335,"column":38}},"89":{"start":{"line":336,"column":14},"end":{"line":336,"column":23}},"90":{"start":{"line":338,"column":6},"end":{"line":338,"column":null}},"91":{"start":{"line":349,"column":6},"end":{"line":349,"column":null}},"92":{"start":{"line":351,"column":6},"end":{"line":351,"column":null}},"93":{"start":{"line":353,"column":4},"end":{"line":353,"column":null}},"94":{"start":{"line":332,"column":0},"end":{"line":332,"column":16}},"95":{"start":{"line":367,"column":19},"end":{"line":367,"column":25}},"96":{"start":{"line":370,"column":4},"end":{"line":370,"column":null}},"97":{"start":{"line":374,"column":4},"end":{"line":374,"column":null}},"98":{"start":{"line":378,"column":4},"end":{"line":378,"column":null}},"99":{"start":{"line":381,"column":17},"end":{"line":381,"column":21}},"100":{"start":{"line":383,"column":4},"end":{"line":383,"column":null}},"101":{"start":{"line":383,"column":28},"end":{"line":383,"column":43}},"102":{"start":{"line":386,"column":2},"end":{"line":386,"column":null}},"103":{"start":{"line":366,"column":0},"end":{"line":366,"column":16}},"104":{"start":{"line":415,"column":25},"end":{"line":431,"column":1}},"105":{"start":{"line":417,"column":4},"end":{"line":417,"column":null}},"106":{"start":{"line":419,"column":4},"end":{"line":419,"column":null}},"107":{"start":{"line":421,"column":4},"end":{"line":421,"column":null}},"108":{"start":{"line":423,"column":4},"end":{"line":423,"column":null}},"109":{"start":{"line":425,"column":4},"end":{"line":425,"column":null}},"110":{"start":{"line":427,"column":4},"end":{"line":427,"column":null}},"111":{"start":{"line":430,"column":2},"end":{"line":430,"column":null}},"112":{"start":{"line":415,"column":13},"end":{"line":415,"column":25}},"113":{"start":{"line":434,"column":2},"end":{"line":436,"column":null}},"114":{"start":{"line":433,"column":0},"end":{"line":433,"column":16}},"115":{"start":{"line":441,"column":17},"end":{"line":441,"column":52}},"116":{"start":{"line":442,"column":21},"end":{"line":442,"column":49}},"117":{"start":{"line":444,"column":4},"end":{"line":444,"column":null}},"118":{"start":{"line":446,"column":4},"end":{"line":446,"column":null}},"119":{"start":{"line":446,"column":44},"end":{"line":446,"column":66}},"120":{"start":{"line":448,"column":2},"end":{"line":448,"column":null}},"121":{"start":{"line":440,"column":0},"end":{"line":440,"column":16}},"122":{"start":{"line":453,"column":4},"end":{"line":453,"column":null}},"123":{"start":{"line":455,"column":2},"end":{"line":455,"column":null}},"124":{"start":{"line":451,"column":0},"end":{"line":451,"column":16}},"125":{"start":{"line":464,"column":15},"end":{"line":464,"column":16}},"126":{"start":{"line":465,"column":19},"end":{"line":465,"column":29}},"127":{"start":{"line":477,"column":28},"end":{"line":481,"column":null}},"128":{"start":{"line":478,"column":60},"end":{"line":480,"column":10}},"129":{"start":{"line":488,"column":36},"end":{"line":488,"column":42}},"130":{"start":{"line":491,"column":10},"end":{"line":491,"column":null}},"131":{"start":{"line":494,"column":10},"end":{"line":494,"column":null}},"132":{"start":{"line":497,"column":8},"end":{"line":497,"column":null}},"133":{"start":{"line":499,"column":8},"end":{"line":499,"column":null}},"134":{"start":{"line":501,"column":8},"end":{"line":501,"column":null}},"135":{"start":{"line":506,"column":6},"end":{"line":506,"column":null}},"136":{"start":{"line":509,"column":8},"end":{"line":509,"column":null}},"137":{"start":{"line":512,"column":6},"end":{"line":512,"column":null}},"138":{"start":{"line":515,"column":2},"end":{"line":515,"column":null}},"139":{"start":{"line":459,"column":0},"end":{"line":459,"column":16}},"140":{"start":{"line":521,"column":6},"end":{"line":521,"column":null}},"141":{"start":{"line":523,"column":4},"end":{"line":528,"column":null}},"142":{"start":{"line":525,"column":8},"end":{"line":525,"column":null}},"143":{"start":{"line":527,"column":6},"end":{"line":527,"column":null}},"144":{"start":{"line":530,"column":16},"end":{"line":530,"column":43}},"145":{"start":{"line":531,"column":4},"end":{"line":537,"column":null}},"146":{"start":{"line":532,"column":6},"end":{"line":535,"column":null}},"147":{"start":{"line":536,"column":6},"end":{"line":536,"column":null}},"148":{"start":{"line":539,"column":4},"end":{"line":539,"column":null}},"149":{"start":{"line":518,"column":0},"end":{"line":518,"column":16}},"150":{"start":{"line":550,"column":4},"end":{"line":550,"column":null}},"151":{"start":{"line":553,"column":19},"end":{"line":553,"column":34}},"152":{"start":{"line":564,"column":4},"end":{"line":564,"column":null}},"153":{"start":{"line":567,"column":4},"end":{"line":567,"column":null}},"154":{"start":{"line":570,"column":4},"end":{"line":570,"column":null}},"155":{"start":{"line":572,"column":2},"end":{"line":572,"column":null}},"156":{"start":{"line":543,"column":0},"end":{"line":543,"column":16}}},"fnMap":{"0":{"name":"isObject","decl":{"start":{"line":9,"column":16},"end":{"line":9,"column":24}},"loc":{"start":{"line":9,"column":35},"end":{"line":11,"column":null}}},"1":{"name":"isEmptyObject","decl":{"start":{"line":13,"column":16},"end":{"line":13,"column":29}},"loc":{"start":{"line":13,"column":40},"end":{"line":15,"column":null}}},"2":{"name":"hasOwnProperty","decl":{"start":{"line":17,"column":16},"end":{"line":17,"column":30}},"loc":{"start":{"line":17,"column":52},"end":{"line":23,"column":null}}},"3":{"name":"validateData","decl":{"start":{"line":30,"column":16},"end":{"line":30,"column":28}},"loc":{"start":{"line":30,"column":51},"end":{"line":36,"column":null}}},"4":{"name":"resolveSchema","decl":{"start":{"line":39,"column":16},"end":{"line":39,"column":29}},"loc":{"start":{"line":39,"column":76},"end":{"line":56,"column":null}}},"5":{"name":"(anonymous_6)","decl":{"start":{"line":48,"column":31},"end":{"line":48,"column":45}},"loc":{"start":{"line":49,"column":8},"end":{"line":49,"column":60}}},"6":{"name":"retrieveSchema","decl":{"start":{"line":58,"column":16},"end":{"line":58,"column":30}},"loc":{"start":{"line":61,"column":20},"end":{"line":94,"column":null}}},"7":{"name":"stubExistingAdditionalProperties","decl":{"start":{"line":98,"column":16},"end":{"line":98,"column":48}},"loc":{"start":{"line":101,"column":20},"end":{"line":135,"column":null}}},"8":{"name":"(anonymous_9)","decl":{"start":{"line":109,"column":33},"end":{"line":109,"column":36}},"loc":{"start":{"line":109,"column":40},"end":{"line":132,"column":3}}},"9":{"name":"resolveReference","decl":{"start":{"line":150,"column":9},"end":{"line":150,"column":25}},"loc":{"start":{"line":150,"column":69},"end":{"line":157,"column":null}}},"10":{"name":"findSchemaDefinition","decl":{"start":{"line":159,"column":16},"end":{"line":159,"column":36}},"loc":{"start":{"line":159,"column":66},"end":{"line":176,"column":null}}},"11":{"name":"resolveDependencies","decl":{"start":{"line":178,"column":9},"end":{"line":178,"column":28}},"loc":{"start":{"line":181,"column":15},"end":{"line":197,"column":null}}},"12":{"name":"processDependencies","decl":{"start":{"line":198,"column":9},"end":{"line":198,"column":28}},"loc":{"start":{"line":202,"column":15},"end":{"line":238,"column":null}}},"13":{"name":"withDependentProperties","decl":{"start":{"line":240,"column":9},"end":{"line":240,"column":32}},"loc":{"start":{"line":240,"column":71},"end":{"line":248,"column":null}}},"14":{"name":"withDependentSchema","decl":{"start":{"line":250,"column":9},"end":{"line":250,"column":28}},"loc":{"start":{"line":255,"column":22},"end":{"line":283,"column":null}}},"15":{"name":"(anonymous_16)","decl":{"start":{"line":271,"column":35},"end":{"line":271,"column":44}},"loc":{"start":{"line":272,"column":4},"end":{"line":274,"column":17}}},"16":{"name":"withExactlyOneSubschema","decl":{"start":{"line":285,"column":9},"end":{"line":285,"column":32}},"loc":{"start":{"line":290,"column":12},"end":{"line":325,"column":null}}},"17":{"name":"(anonymous_18)","decl":{"start":{"line":292,"column":40},"end":{"line":292,"column":54}},"loc":{"start":{"line":292,"column":58},"end":{"line":308,"column":3}}},"18":{"name":"mergeSchemas","decl":{"start":{"line":332,"column":16},"end":{"line":332,"column":28}},"loc":{"start":{"line":332,"column":49},"end":{"line":355,"column":null}}},"19":{"name":"(anonymous_20)","decl":{"start":{"line":334,"column":34},"end":{"line":334,"column":35}},"loc":{"start":{"line":334,"column":47},"end":{"line":354,"column":3}}},"20":{"name":"getSchemaType","decl":{"start":{"line":366,"column":16},"end":{"line":366,"column":29}},"loc":{"start":{"line":366,"column":44},"end":{"line":411,"column":null}}},"21":{"name":"(anonymous_22)","decl":{"start":{"line":383,"column":19},"end":{"line":383,"column":23}},"loc":{"start":{"line":383,"column":28},"end":{"line":383,"column":43}}},"22":{"name":"guessType","decl":{"start":{"line":415,"column":34},"end":{"line":415,"column":43}},"loc":{"start":{"line":415,"column":54},"end":{"line":431,"column":1}}},"23":{"name":"isConstant","decl":{"start":{"line":433,"column":16},"end":{"line":433,"column":26}},"loc":{"start":{"line":433,"column":41},"end":{"line":438,"column":null}}},"24":{"name":"isSelect","decl":{"start":{"line":440,"column":16},"end":{"line":440,"column":24}},"loc":{"start":{"line":440,"column":62},"end":{"line":449,"column":null}}},"25":{"name":"(anonymous_26)","decl":{"start":{"line":446,"column":29},"end":{"line":446,"column":39}},"loc":{"start":{"line":446,"column":44},"end":{"line":446,"column":66}}},"26":{"name":"isMultiSelect","decl":{"start":{"line":451,"column":16},"end":{"line":451,"column":29}},"loc":{"start":{"line":451,"column":69},"end":{"line":456,"column":null}}},"27":{"name":"getMatchingOption","decl":{"start":{"line":459,"column":16},"end":{"line":459,"column":33}},"loc":{"start":{"line":462,"column":49},"end":{"line":516,"column":null}}},"28":{"name":"(anonymous_29)","decl":{"start":{"line":478,"column":51},"end":{"line":478,"column":54}},"loc":{"start":{"line":478,"column":60},"end":{"line":480,"column":10}}},"29":{"name":"mergeDefaultsWithFormData","decl":{"start":{"line":518,"column":16},"end":{"line":518,"column":41}},"loc":{"start":{"line":518,"column":70},"end":{"line":541,"column":null}}},"30":{"name":"(anonymous_31)","decl":{"start":{"line":523,"column":24},"end":{"line":523,"column":25}},"loc":{"start":{"line":523,"column":39},"end":{"line":528,"column":5}}},"31":{"name":"(anonymous_32)","decl":{"start":{"line":531,"column":40},"end":{"line":531,"column":41}},"loc":{"start":{"line":531,"column":53},"end":{"line":537,"column":5}}},"32":{"name":"getDefaultFormState","decl":{"start":{"line":543,"column":16},"end":{"line":543,"column":35}},"loc":{"start":{"line":545,"column":15},"end":{"line":573,"column":null}}}},"branchMap":{"0":{"loc":{"start":{"line":10,"column":9},"end":{"line":10,"column":77}},"type":"binary-expr","locations":[{"start":{"line":10,"column":9},"end":{"line":10,"column":34}},{"start":{"line":10,"column":38},"end":{"line":10,"column":52}},{"start":{"line":10,"column":56},"end":{"line":10,"column":77}}]},"1":{"loc":{"start":{"line":14,"column":9},"end":{"line":14,"column":59}},"type":"binary-expr","locations":[{"start":{"line":14,"column":9},"end":{"line":14,"column":24}},{"start":{"line":14,"column":28},"end":{"line":14,"column":59}}]},"2":{"loc":{"start":{"line":39,"column":46},"end":{"line":39,"column":61}},"type":"default-arg","locations":[{"start":{"line":39,"column":59},"end":{"line":39,"column":61}}]},"3":{"loc":{"start":{"line":39,"column":63},"end":{"line":39,"column":76}},"type":"default-arg","locations":[{"start":{"line":39,"column":74},"end":{"line":39,"column":76}}]},"4":{"loc":{"start":{"line":45,"column":13},"end":{"line":45,"column":75}},"type":"binary-expr","locations":[{"start":{"line":45,"column":13},"end":{"line":45,"column":44}},{"start":{"line":45,"column":48},"end":{"line":45,"column":75}}]},"5":{"loc":{"start":{"line":60,"column":2},"end":{"line":60,"column":17}},"type":"default-arg","locations":[{"start":{"line":60,"column":15},"end":{"line":60,"column":17}}]},"6":{"loc":{"start":{"line":61,"column":2},"end":{"line":61,"column":20}},"type":"default-arg","locations":[{"start":{"line":61,"column":18},"end":{"line":61,"column":20}}]},"7":{"loc":{"start":{"line":83,"column":4},"end":{"line":84,"column":49}},"type":"binary-expr","locations":[{"start":{"line":83,"column":4},"end":{"line":83,"column":57}},{"start":{"line":84,"column":4},"end":{"line":84,"column":49}}]},"8":{"loc":{"start":{"line":100,"column":2},"end":{"line":100,"column":25}},"type":"default-arg","locations":[{"start":{"line":100,"column":23},"end":{"line":100,"column":25}}]},"9":{"loc":{"start":{"line":101,"column":2},"end":{"line":101,"column":20}},"type":"default-arg","locations":[{"start":{"line":101,"column":18},"end":{"line":101,"column":20}}]},"10":{"loc":{"start":{"line":159,"column":51},"end":{"line":159,"column":66}},"type":"default-arg","locations":[{"start":{"line":159,"column":64},"end":{"line":159,"column":66}}]},"11":{"loc":{"start":{"line":184,"column":8},"end":{"line":184,"column":25}},"type":"default-arg","locations":[{"start":{"line":184,"column":23},"end":{"line":184,"column":25}}]},"12":{"loc":{"start":{"line":212,"column":6},"end":{"line":213,"column":51}},"type":"binary-expr","locations":[{"start":{"line":212,"column":6},"end":{"line":212,"column":31}},{"start":{"line":213,"column":6},"end":{"line":213,"column":51}}]},"13":{"loc":{"start":{"line":244,"column":19},"end":{"line":246,"column":26}},"type":"cond-expr","locations":[{"start":{"line":245,"column":6},"end":{"line":245,"column":72}},{"start":{"line":246,"column":6},"end":{"line":246,"column":26}}]},"14":{"loc":{"start":{"line":272,"column":4},"end":{"line":274,"column":17}},"type":"cond-expr","locations":[{"start":{"line":273,"column":8},"end":{"line":273,"column":57}},{"start":{"line":274,"column":8},"end":{"line":274,"column":17}}]},"15":{"loc":{"start":{"line":306,"column":13},"end":{"line":306,"column":43}},"type":"binary-expr","locations":[{"start":{"line":306,"column":13},"end":{"line":306,"column":20}},{"start":{"line":306,"column":24},"end":{"line":306,"column":43}}]},"16":{"loc":{"start":{"line":335,"column":17},"end":{"line":335,"column":38}},"type":"cond-expr","locations":[{"start":{"line":335,"column":24},"end":{"line":335,"column":33}},{"start":{"line":335,"column":36},"end":{"line":335,"column":38}}]},"17":{"loc":{"start":{"line":337,"column":8},"end":{"line":337,"column":60}},"type":"binary-expr","locations":[{"start":{"line":337,"column":8},"end":{"line":337,"column":12}},{"start":{"line":337,"column":16},"end":{"line":337,"column":41}},{"start":{"line":337,"column":45},"end":{"line":337,"column":60}}]},"18":{"loc":{"start":{"line":340,"column":6},"end":{"line":345,"column":26}},"type":"binary-expr","locations":[{"start":{"line":340,"column":6},"end":{"line":340,"column":10}},{"start":{"line":341,"column":6},"end":{"line":341,"column":10}},{"start":{"line":342,"column":7},"end":{"line":342,"column":39}},{"start":{"line":342,"column":43},"end":{"line":342,"column":75}},{"start":{"line":343,"column":6},"end":{"line":343,"column":24}},{"start":{"line":344,"column":6},"end":{"line":344,"column":25}},{"start":{"line":345,"column":6},"end":{"line":345,"column":26}}]},"19":{"loc":{"start":{"line":369,"column":6},"end":{"line":369,"column":27}},"type":"binary-expr","locations":[{"start":{"line":369,"column":6},"end":{"line":369,"column":11}},{"start":{"line":369,"column":15},"end":{"line":369,"column":27}}]},"20":{"loc":{"start":{"line":373,"column":6},"end":{"line":373,"column":26}},"type":"binary-expr","locations":[{"start":{"line":373,"column":6},"end":{"line":373,"column":11}},{"start":{"line":373,"column":15},"end":{"line":373,"column":26}}]},"21":{"loc":{"start":{"line":377,"column":6},"end":{"line":377,"column":65}},"type":"binary-expr","locations":[{"start":{"line":377,"column":6},"end":{"line":377,"column":11}},{"start":{"line":377,"column":16},"end":{"line":377,"column":33}},{"start":{"line":377,"column":37},"end":{"line":377,"column":64}}]},"22":{"loc":{"start":{"line":382,"column":6},"end":{"line":382,"column":64}},"type":"binary-expr","locations":[{"start":{"line":382,"column":6},"end":{"line":382,"column":24}},{"start":{"line":382,"column":28},"end":{"line":382,"column":42}},{"start":{"line":382,"column":46},"end":{"line":382,"column":64}}]},"23":{"loc":{"start":{"line":435,"column":5},"end":{"line":436,"column":34}},"type":"binary-expr","locations":[{"start":{"line":435,"column":5},"end":{"line":435,"column":31}},{"start":{"line":435,"column":35},"end":{"line":435,"column":59}},{"start":{"line":436,"column":4},"end":{"line":436,"column":34}}]},"24":{"loc":{"start":{"line":440,"column":39},"end":{"line":440,"column":62}},"type":"default-arg","locations":[{"start":{"line":440,"column":60},"end":{"line":440,"column":62}}]},"25":{"loc":{"start":{"line":442,"column":21},"end":{"line":442,"column":49}},"type":"binary-expr","locations":[{"start":{"line":442,"column":21},"end":{"line":442,"column":33}},{"start":{"line":442,"column":37},"end":{"line":442,"column":49}}]},"26":{"loc":{"start":{"line":451,"column":46},"end":{"line":451,"column":69}},"type":"default-arg","locations":[{"start":{"line":451,"column":67},"end":{"line":451,"column":69}}]},"27":{"loc":{"start":{"line":452,"column":6},"end":{"line":452,"column":42}},"type":"binary-expr","locations":[{"start":{"line":452,"column":6},"end":{"line":452,"column":25}},{"start":{"line":452,"column":29},"end":{"line":452,"column":42}}]},"28":{"loc":{"start":{"line":533,"column":8},"end":{"line":533,"column":37}},"type":"cond-expr","locations":[{"start":{"line":533,"column":19},"end":{"line":533,"column":32}},{"start":{"line":533,"column":35},"end":{"line":533,"column":37}}]},"29":{"loc":{"start":{"line":566,"column":6},"end":{"line":566,"column":51}},"type":"binary-expr","locations":[{"start":{"line":566,"column":6},"end":{"line":566,"column":24}},{"start":{"line":566,"column":28},"end":{"line":566,"column":51}}]},"30":{"loc":{"start":{"line":569,"column":6},"end":{"line":569,"column":61}},"type":"binary-expr","locations":[{"start":{"line":569,"column":6},"end":{"line":569,"column":20}},{"start":{"line":569,"column":24},"end":{"line":569,"column":42}},{"start":{"line":569,"column":46},"end":{"line":569,"column":61}}]},"31":{"loc":{"start":{"line":572,"column":9},"end":{"line":572,"column":29}},"type":"binary-expr","locations":[{"start":{"line":572,"column":9},"end":{"line":572,"column":17}},{"start":{"line":572,"column":21},"end":{"line":572,"column":29}}]}},"s":{"0":3,"1":3,"2":3,"3":3,"4":8,"5":3,"6":0,"7":3,"8":21,"9":3,"10":3,"11":0,"12":0,"13":3,"14":0,"15":0,"16":0,"17":0,"18":0,"19":7,"20":3,"21":0,"22":7,"23":0,"24":0,"25":0,"26":0,"27":7,"28":0,"29":7,"30":3,"31":3,"32":0,"33":0,"34":0,"35":0,"36":0,"37":0,"38":0,"39":0,"40":0,"41":3,"42":0,"43":0,"44":0,"45":0,"46":0,"47":0,"48":0,"49":0,"50":0,"51":0,"52":3,"53":0,"54":0,"55":0,"56":0,"57":0,"58":0,"59":0,"60":0,"61":0,"62":0,"63":0,"64":0,"65":0,"66":0,"67":0,"68":0,"69":0,"70":0,"71":0,"72":0,"73":0,"74":0,"75":0,"76":0,"77":0,"78":0,"79":0,"80":0,"81":0,"82":0,"83":0,"84":0,"85":0,"86":0,"87":0,"88":0,"89":0,"90":0,"91":0,"92":0,"93":0,"94":3,"95":0,"96":0,"97":0,"98":0,"99":0,"100":0,"101":0,"102":0,"103":3,"104":3,"105":0,"106":0,"107":0,"108":0,"109":0,"110":0,"111":0,"112":3,"113":0,"114":3,"115":0,"116":0,"117":0,"118":0,"119":0,"120":0,"121":3,"122":0,"123":0,"124":3,"125":0,"126":0,"127":0,"128":0,"129":0,"130":0,"131":0,"132":0,"133":0,"134":0,"135":0,"136":0,"137":0,"138":0,"139":3,"140":0,"141":0,"142":0,"143":0,"144":0,"145":0,"146":0,"147":0,"148":0,"149":3,"150":0,"151":0,"152":0,"153":0,"154":0,"155":0,"156":3},"f":{"0":8,"1":0,"2":21,"3":0,"4":7,"5":0,"6":7,"7":0,"8":0,"9":0,"10":0,"11":0,"12":0,"13":0,"14":0,"15":0,"16":0,"17":0,"18":0,"19":0,"20":0,"21":0,"22":0,"23":0,"24":0,"25":0,"26":0,"27":0,"28":0,"29":0,"30":0,"31":0,"32":0},"b":{"0":[8,8,8],"1":[0,0],"2":[0],"3":[0],"4":[7,0],"5":[0],"6":[4],"7":[7,0],"8":[0],"9":[0],"10":[0],"11":[0],"12":[0,0],"13":[0,0],"14":[0,0],"15":[0,0],"16":[0,0],"17":[0,0,0],"18":[0,0,0,0,0,0,0],"19":[0,0],"20":[0,0],"21":[0,0,0],"22":[0,0,0],"23":[0,0,0],"24":[0],"25":[0,0],"26":[0],"27":[0,0],"28":[0,0],"29":[0,0],"30":[0,0,0],"31":[0,0]}}
,"/Users/han/Desktop/demo/vue3-json-schema-form/lib/fields/ArrayField.tsx": {"path":"/Users/han/Desktop/demo/vue3-json-schema-form/lib/fields/ArrayField.tsx","statementMap":{"0":{"start":{"line":1,"column":0},"end":{"line":1,"column":null}},"1":{"start":{"line":2,"column":0},"end":{"line":2,"column":null}},"2":{"start":{"line":4,"column":0},"end":{"line":4,"column":null}},"3":{"start":{"line":6,"column":0},"end":{"line":6,"column":null}},"4":{"start":{"line":8,"column":0},"end":{"line":8,"column":null}},"5":{"start":{"line":10,"column":18},"end":{"line":27,"column":2}},"6":{"start":{"line":29,"column":25},"end":{"line":84,"column":2}},"7":{"start":{"line":54,"column":23},"end":{"line":54,"column":34}},"8":{"start":{"line":56,"column":22},"end":{"line":56,"column":52}},"9":{"start":{"line":56,"column":28},"end":{"line":56,"column":52}},"10":{"start":{"line":57,"column":23},"end":{"line":57,"column":54}},"11":{"start":{"line":57,"column":29},"end":{"line":57,"column":54}},"12":{"start":{"line":58,"column":21},"end":{"line":58,"column":50}},"13":{"start":{"line":58,"column":27},"end":{"line":58,"column":50}},"14":{"start":{"line":59,"column":25},"end":{"line":59,"column":58}},"15":{"start":{"line":59,"column":31},"end":{"line":59,"column":58}},"16":{"start":{"line":61,"column":4},"end":{"line":82,"column":null}},"17":{"start":{"line":62,"column":22},"end":{"line":62,"column":38}},"18":{"start":{"line":63,"column":6},"end":{"line":79,"column":null}},"19":{"start":{"line":102,"column":0},"end":{"line":216,"column":null}},"20":{"start":{"line":106,"column":20},"end":{"line":106,"column":36}},"21":{"start":{"line":108,"column":34},"end":{"line":115,"column":5}},"22":{"start":{"line":109,"column":24},"end":{"line":109,"column":29}},"23":{"start":{"line":110,"column":18},"end":{"line":110,"column":51}},"24":{"start":{"line":112,"column":6},"end":{"line":112,"column":null}},"25":{"start":{"line":114,"column":6},"end":{"line":114,"column":null}},"26":{"start":{"line":117,"column":23},"end":{"line":124,"column":5}},"27":{"start":{"line":118,"column":24},"end":{"line":118,"column":29}},"28":{"start":{"line":119,"column":18},"end":{"line":119,"column":51}},"29":{"start":{"line":121,"column":6},"end":{"line":121,"column":null}},"30":{"start":{"line":123,"column":6},"end":{"line":123,"column":null}},"31":{"start":{"line":126,"column":26},"end":{"line":133,"column":5}},"32":{"start":{"line":127,"column":24},"end":{"line":127,"column":29}},"33":{"start":{"line":128,"column":18},"end":{"line":128,"column":51}},"34":{"start":{"line":130,"column":6},"end":{"line":130,"column":null}},"35":{"start":{"line":132,"column":6},"end":{"line":132,"column":null}},"36":{"start":{"line":135,"column":22},"end":{"line":144,"column":5}},"37":{"start":{"line":136,"column":6},"end":{"line":136,"column":null}},"38":{"start":{"line":136,"column":23},"end":{"line":136,"column":null}},"39":{"start":{"line":137,"column":24},"end":{"line":137,"column":29}},"40":{"start":{"line":138,"column":18},"end":{"line":138,"column":51}},"41":{"start":{"line":140,"column":19},"end":{"line":140,"column":39}},"42":{"start":{"line":141,"column":6},"end":{"line":141,"column":null}},"43":{"start":{"line":143,"column":6},"end":{"line":143,"column":null}},"44":{"start":{"line":146,"column":24},"end":{"line":156,"column":5}},"45":{"start":{"line":147,"column":24},"end":{"line":147,"column":29}},"46":{"start":{"line":148,"column":18},"end":{"line":148,"column":51}},"47":{"start":{"line":150,"column":6},"end":{"line":150,"column":null}},"48":{"start":{"line":150,"column":36},"end":{"line":150,"column":null}},"49":{"start":{"line":152,"column":19},"end":{"line":152,"column":39}},"50":{"start":{"line":153,"column":6},"end":{"line":153,"column":null}},"51":{"start":{"line":155,"column":6},"end":{"line":155,"column":null}},"52":{"start":{"line":158,"column":4},"end":{"line":214,"column":null}},"53":{"start":{"line":159,"column":44},"end":{"line":159,"column":49}},"54":{"start":{"line":161,"column":25},"end":{"line":161,"column":43}},"55":{"start":{"line":163,"column":26},"end":{"line":163,"column":53}},"56":{"start":{"line":164,"column":23},"end":{"line":164,"column":65}},"57":{"start":{"line":167,"column":32},"end":{"line":167,"column":51}},"58":{"start":{"line":168,"column":20},"end":{"line":168,"column":53}},"59":{"start":{"line":169,"column":8},"end":{"line":177,"column":null}},"60":{"start":{"line":169,"column":50},"end":{"line":175,"column":null}},"61":{"start":{"line":175,"column":34},"end":{"line":175,"column":65}},"62":{"start":{"line":179,"column":20},"end":{"line":179,"column":53}},"63":{"start":{"line":181,"column":8},"end":{"line":199,"column":null}},"64":{"start":{"line":182,"column":10},"end":{"line":195,"column":null}},"65":{"start":{"line":188,"column":28},"end":{"line":195,"column":null}},"66":{"start":{"line":195,"column":38},"end":{"line":195,"column":69}},"67":{"start":{"line":201,"column":29},"end":{"line":201,"column":54}},"68":{"start":{"line":202,"column":24},"end":{"line":205,"column":11}},"69":{"start":{"line":202,"column":53},"end":{"line":205,"column":10}},"70":{"start":{"line":206,"column":8},"end":{"line":210,"column":null}}},"fnMap":{"0":{"name":"(anonymous_1)","decl":{"start":{"line":53,"column":2},"end":{"line":53,"column":7}},"loc":{"start":{"line":53,"column":24},"end":{"line":83,"column":null}}},"1":{"name":"(anonymous_2)","decl":{"start":{"line":56,"column":22},"end":{"line":56,"column":28}},"loc":{"start":{"line":56,"column":28},"end":{"line":56,"column":52}}},"2":{"name":"(anonymous_3)","decl":{"start":{"line":57,"column":23},"end":{"line":57,"column":29}},"loc":{"start":{"line":57,"column":29},"end":{"line":57,"column":54}}},"3":{"name":"(anonymous_4)","decl":{"start":{"line":58,"column":21},"end":{"line":58,"column":27}},"loc":{"start":{"line":58,"column":27},"end":{"line":58,"column":50}}},"4":{"name":"(anonymous_5)","decl":{"start":{"line":59,"column":25},"end":{"line":59,"column":31}},"loc":{"start":{"line":59,"column":31},"end":{"line":59,"column":58}}},"5":{"name":"(anonymous_6)","decl":{"start":{"line":61,"column":11},"end":{"line":61,"column":16}},"loc":{"start":{"line":61,"column":16},"end":{"line":82,"column":5}}},"6":{"name":"(anonymous_7)","decl":{"start":{"line":105,"column":2},"end":{"line":105,"column":7}},"loc":{"start":{"line":105,"column":13},"end":{"line":215,"column":null}}},"7":{"name":"(anonymous_8)","decl":{"start":{"line":108,"column":34},"end":{"line":108,"column":35}},"loc":{"start":{"line":108,"column":60},"end":{"line":115,"column":5}}},"8":{"name":"(anonymous_9)","decl":{"start":{"line":117,"column":23},"end":{"line":117,"column":36}},"loc":{"start":{"line":117,"column":40},"end":{"line":124,"column":5}}},"9":{"name":"(anonymous_10)","decl":{"start":{"line":126,"column":26},"end":{"line":126,"column":39}},"loc":{"start":{"line":126,"column":43},"end":{"line":133,"column":5}}},"10":{"name":"(anonymous_11)","decl":{"start":{"line":135,"column":22},"end":{"line":135,"column":35}},"loc":{"start":{"line":135,"column":39},"end":{"line":144,"column":5}}},"11":{"name":"(anonymous_12)","decl":{"start":{"line":146,"column":24},"end":{"line":146,"column":37}},"loc":{"start":{"line":146,"column":41},"end":{"line":156,"column":5}}},"12":{"name":"(anonymous_13)","decl":{"start":{"line":158,"column":11},"end":{"line":158,"column":16}},"loc":{"start":{"line":158,"column":16},"end":{"line":214,"column":5}}},"13":{"name":"(anonymous_14)","decl":{"start":{"line":169,"column":25},"end":{"line":169,"column":26}},"loc":{"start":{"line":169,"column":50},"end":{"line":175,"column":null}}},"14":{"name":"(anonymous_15)","decl":{"start":{"line":175,"column":23},"end":{"line":175,"column":29}},"loc":{"start":{"line":175,"column":34},"end":{"line":175,"column":65}}},"15":{"name":"(anonymous_16)","decl":{"start":{"line":181,"column":23},"end":{"line":181,"column":24}},"loc":{"start":{"line":181,"column":49},"end":{"line":199,"column":9}}},"16":{"name":"(anonymous_17)","decl":{"start":{"line":188,"column":28},"end":{"line":188,"column":null}},"loc":{"start":{"line":188,"column":28},"end":{"line":195,"column":null}}},"17":{"name":"(anonymous_18)","decl":{"start":{"line":195,"column":27},"end":{"line":195,"column":33}},"loc":{"start":{"line":195,"column":38},"end":{"line":195,"column":69}}},"18":{"name":"(anonymous_19)","decl":{"start":{"line":202,"column":41},"end":{"line":202,"column":47}},"loc":{"start":{"line":202,"column":53},"end":{"line":205,"column":10}}}},"branchMap":{"0":{"loc":{"start":{"line":79,"column":40},"end":{"line":79,"column":72}},"type":"binary-expr","locations":[{"start":{"line":79,"column":40},"end":{"line":79,"column":53}},{"start":{"line":79,"column":57},"end":{"line":79,"column":72}}]},"1":{"loc":{"start":{"line":110,"column":18},"end":{"line":110,"column":51}},"type":"cond-expr","locations":[{"start":{"line":110,"column":41},"end":{"line":110,"column":46}},{"start":{"line":110,"column":49},"end":{"line":110,"column":51}}]},"2":{"loc":{"start":{"line":119,"column":18},"end":{"line":119,"column":51}},"type":"cond-expr","locations":[{"start":{"line":119,"column":41},"end":{"line":119,"column":46}},{"start":{"line":119,"column":49},"end":{"line":119,"column":51}}]},"3":{"loc":{"start":{"line":128,"column":18},"end":{"line":128,"column":51}},"type":"cond-expr","locations":[{"start":{"line":128,"column":41},"end":{"line":128,"column":46}},{"start":{"line":128,"column":49},"end":{"line":128,"column":51}}]},"4":{"loc":{"start":{"line":136,"column":6},"end":{"line":136,"column":null}},"type":"if","locations":[{"start":{"line":136,"column":6},"end":{"line":136,"column":null}}]},"5":{"loc":{"start":{"line":138,"column":18},"end":{"line":138,"column":51}},"type":"cond-expr","locations":[{"start":{"line":138,"column":41},"end":{"line":138,"column":46}},{"start":{"line":138,"column":49},"end":{"line":138,"column":51}}]},"6":{"loc":{"start":{"line":148,"column":18},"end":{"line":148,"column":51}},"type":"cond-expr","locations":[{"start":{"line":148,"column":41},"end":{"line":148,"column":46}},{"start":{"line":148,"column":49},"end":{"line":148,"column":51}}]},"7":{"loc":{"start":{"line":150,"column":6},"end":{"line":150,"column":null}},"type":"if","locations":[{"start":{"line":150,"column":6},"end":{"line":150,"column":null}}]},"8":{"loc":{"start":{"line":164,"column":23},"end":{"line":164,"column":65}},"type":"binary-expr","locations":[{"start":{"line":164,"column":23},"end":{"line":164,"column":35}},{"start":{"line":164,"column":40},"end":{"line":164,"column":65}}]},"9":{"loc":{"start":{"line":168,"column":20},"end":{"line":168,"column":53}},"type":"cond-expr","locations":[{"start":{"line":168,"column":43},"end":{"line":168,"column":48}},{"start":{"line":168,"column":51},"end":{"line":168,"column":53}}]},"10":{"loc":{"start":{"line":179,"column":20},"end":{"line":179,"column":53}},"type":"cond-expr","locations":[{"start":{"line":179,"column":43},"end":{"line":179,"column":48}},{"start":{"line":179,"column":51},"end":{"line":179,"column":53}}]}},"s":{"0":3,"1":3,"2":3,"3":3,"4":3,"5":3,"6":3,"7":0,"8":0,"9":0,"10":0,"11":0,"12":0,"13":0,"14":0,"15":0,"16":0,"17":0,"18":0,"19":3,"20":1,"21":1,"22":0,"23":0,"24":0,"25":0,"26":1,"27":0,"28":0,"29":0,"30":0,"31":1,"32":0,"33":0,"34":0,"35":0,"36":1,"37":0,"38":0,"39":0,"40":0,"41":0,"42":0,"43":0,"44":1,"45":0,"46":0,"47":0,"48":0,"49":0,"50":0,"51":0,"52":1,"53":1,"54":1,"55":1,"56":1,"57":1,"58":1,"59":1,"60":2,"61":0,"62":0,"63":0,"64":0,"65":0,"66":0,"67":0,"68":0,"69":0,"70":0},"f":{"0":0,"1":0,"2":0,"3":0,"4":0,"5":0,"6":1,"7":0,"8":0,"9":0,"10":0,"11":0,"12":1,"13":2,"14":0,"15":0,"16":0,"17":0,"18":0},"b":{"0":[0,0],"1":[0,0],"2":[0,0],"3":[0,0],"4":[0],"5":[0,0],"6":[0,0],"7":[0],"8":[1,1],"9":[1,0],"10":[0,0]}}
,"/Users/han/Desktop/demo/vue3-json-schema-form/lib/fields/NumberField.tsx": {"path":"/Users/han/Desktop/demo/vue3-json-schema-form/lib/fields/NumberField.tsx","statementMap":{"0":{"start":{"line":1,"column":0},"end":{"line":1,"column":null}},"1":{"start":{"line":2,"column":0},"end":{"line":2,"column":null}},"2":{"start":{"line":4,"column":0},"end":{"line":25,"column":null}},"3":{"start":{"line":8,"column":26},"end":{"line":18,"column":5}},"4":{"start":{"line":9,"column":20},"end":{"line":9,"column":34}},"5":{"start":{"line":11,"column":18},"end":{"line":11,"column":31}},"6":{"start":{"line":14,"column":8},"end":{"line":14,"column":null}},"7":{"start":{"line":16,"column":8},"end":{"line":16,"column":null}},"8":{"start":{"line":20,"column":4},"end":{"line":23,"column":null}},"9":{"start":{"line":21,"column":24},"end":{"line":21,"column":29}},"10":{"start":{"line":22,"column":6},"end":{"line":22,"column":null}}},"fnMap":{"0":{"name":"(anonymous_0)","decl":{"start":{"line":7,"column":2},"end":{"line":7,"column":7}},"loc":{"start":{"line":7,"column":13},"end":{"line":24,"column":null}}},"1":{"name":"(anonymous_1)","decl":{"start":{"line":8,"column":26},"end":{"line":8,"column":32}},"loc":{"start":{"line":8,"column":36},"end":{"line":18,"column":5}}},"2":{"name":"(anonymous_2)","decl":{"start":{"line":20,"column":11},"end":{"line":20,"column":16}},"loc":{"start":{"line":20,"column":16},"end":{"line":23,"column":5}}}},"branchMap":{},"s":{"0":3,"1":3,"2":3,"3":3,"4":0,"5":0,"6":0,"7":0,"8":3,"9":3,"10":3},"f":{"0":3,"1":0,"2":3},"b":{}}
,"/Users/han/Desktop/demo/vue3-json-schema-form/lib/fields/ObjectField.tsx": {"path":"/Users/han/Desktop/demo/vue3-json-schema-form/lib/fields/ObjectField.tsx","statementMap":{"0":{"start":{"line":1,"column":0},"end":{"line":1,"column":null}},"1":{"start":{"line":3,"column":0},"end":{"line":3,"column":null}},"2":{"start":{"line":4,"column":0},"end":{"line":4,"column":null}},"3":{"start":{"line":5,"column":0},"end":{"line":5,"column":null}},"4":{"start":{"line":11,"column":15},"end":{"line":21,"column":null}},"5":{"start":{"line":25,"column":0},"end":{"line":63,"column":null}},"6":{"start":{"line":29,"column":20},"end":{"line":29,"column":36}},"7":{"start":{"line":31,"column":36},"end":{"line":41,"column":5}},"8":{"start":{"line":32,"column":25},"end":{"line":32,"column":65}},"9":{"start":{"line":35,"column":8},"end":{"line":35,"column":null}},"10":{"start":{"line":37,"column":8},"end":{"line":37,"column":null}},"11":{"start":{"line":40,"column":6},"end":{"line":40,"column":null}},"12":{"start":{"line":43,"column":4},"end":{"line":61,"column":null}},"13":{"start":{"line":44,"column":44},"end":{"line":44,"column":49}},"14":{"start":{"line":46,"column":29},"end":{"line":46,"column":36}},"15":{"start":{"line":48,"column":25},"end":{"line":48,"column":48}},"16":{"start":{"line":50,"column":32},"end":{"line":50,"column":60}},"17":{"start":{"line":52,"column":6},"end":{"line":60,"column":null}},"18":{"start":{"line":52,"column":66},"end":{"line":58,"column":null}},"19":{"start":{"line":58,"column":32},"end":{"line":58,"column":61}}},"fnMap":{"0":{"name":"(anonymous_0)","decl":{"start":{"line":28,"column":2},"end":{"line":28,"column":7}},"loc":{"start":{"line":28,"column":13},"end":{"line":62,"column":null}}},"1":{"name":"(anonymous_1)","decl":{"start":{"line":31,"column":36},"end":{"line":31,"column":37}},"loc":{"start":{"line":31,"column":60},"end":{"line":41,"column":5}}},"2":{"name":"(anonymous_2)","decl":{"start":{"line":43,"column":11},"end":{"line":43,"column":16}},"loc":{"start":{"line":43,"column":16},"end":{"line":61,"column":5}}},"3":{"name":"(anonymous_3)","decl":{"start":{"line":52,"column":41},"end":{"line":52,"column":42}},"loc":{"start":{"line":52,"column":66},"end":{"line":58,"column":null}}},"4":{"name":"(anonymous_4)","decl":{"start":{"line":58,"column":21},"end":{"line":58,"column":27}},"loc":{"start":{"line":58,"column":32},"end":{"line":58,"column":61}}}},"branchMap":{"0":{"loc":{"start":{"line":32,"column":25},"end":{"line":32,"column":65}},"type":"cond-expr","locations":[{"start":{"line":32,"column":49},"end":{"line":32,"column":60}},{"start":{"line":32,"column":63},"end":{"line":32,"column":65}}]},"1":{"loc":{"start":{"line":48,"column":25},"end":{"line":48,"column":48}},"type":"binary-expr","locations":[{"start":{"line":48,"column":25},"end":{"line":48,"column":42}},{"start":{"line":48,"column":46},"end":{"line":48,"column":48}}]},"2":{"loc":{"start":{"line":50,"column":32},"end":{"line":50,"column":60}},"type":"cond-expr","locations":[{"start":{"line":50,"column":50},"end":{"line":50,"column":55}},{"start":{"line":50,"column":58},"end":{"line":50,"column":60}}]}},"s":{"0":3,"1":3,"2":3,"3":3,"4":3,"5":3,"6":1,"7":1,"8":0,"9":0,"10":0,"11":0,"12":1,"13":1,"14":1,"15":1,"16":1,"17":1,"18":2,"19":0},"f":{"0":1,"1":0,"2":1,"3":2,"4":0},"b":{"0":[0,0],"1":[1,0],"2":[1,0]}}
,"/Users/han/Desktop/demo/vue3-json-schema-form/lib/fields/StringField.tsx": {"path":"/Users/han/Desktop/demo/vue3-json-schema-form/lib/fields/StringField.tsx","statementMap":{"0":{"start":{"line":1,"column":0},"end":{"line":1,"column":null}},"1":{"start":{"line":3,"column":0},"end":{"line":3,"column":null}},"2":{"start":{"line":5,"column":0},"end":{"line":18,"column":null}},"3":{"start":{"line":9,"column":26},"end":{"line":11,"column":5}},"4":{"start":{"line":10,"column":6},"end":{"line":10,"column":null}},"5":{"start":{"line":12,"column":4},"end":{"line":16,"column":null}},"6":{"start":{"line":13,"column":6},"end":{"line":14,"column":null}}},"fnMap":{"0":{"name":"(anonymous_0)","decl":{"start":{"line":8,"column":2},"end":{"line":8,"column":7}},"loc":{"start":{"line":8,"column":13},"end":{"line":17,"column":null}}},"1":{"name":"(anonymous_1)","decl":{"start":{"line":9,"column":26},"end":{"line":9,"column":32}},"loc":{"start":{"line":9,"column":36},"end":{"line":11,"column":5}}},"2":{"name":"(anonymous_2)","decl":{"start":{"line":12,"column":11},"end":{"line":12,"column":16}},"loc":{"start":{"line":12,"column":16},"end":{"line":16,"column":5}}}},"branchMap":{},"s":{"0":3,"1":3,"2":3,"3":2,"4":0,"5":2,"6":2},"f":{"0":2,"1":0,"2":2},"b":{}}
,"/Users/han/Desktop/demo/vue3-json-schema-form/lib/widgets/Selection.tsx": {"path":"/Users/han/Desktop/demo/vue3-json-schema-form/lib/widgets/Selection.tsx","statementMap":{"0":{"start":{"line":1,"column":0},"end":{"line":1,"column":null}},"1":{"start":{"line":3,"column":0},"end":{"line":54,"column":null}},"2":{"start":{"line":22,"column":28},"end":{"line":22,"column":44}},"3":{"start":{"line":24,"column":4},"end":{"line":28,"column":null}},"4":{"start":{"line":26,"column":8},"end":{"line":26,"column":null}},"5":{"start":{"line":30,"column":4},"end":{"line":37,"column":null}},"6":{"start":{"line":31,"column":12},"end":{"line":31,"column":23}},"7":{"start":{"line":34,"column":10},"end":{"line":34,"column":null}},"8":{"start":{"line":39,"column":4},"end":{"line":41,"column":null}},"9":{"start":{"line":40,"column":6},"end":{"line":40,"column":null}},"10":{"start":{"line":43,"column":4},"end":{"line":52,"column":null}},"11":{"start":{"line":44,"column":26},"end":{"line":44,"column":31}},"12":{"start":{"line":45,"column":6},"end":{"line":46,"column":null}},"13":{"start":{"line":46,"column":41},"end":{"line":46,"column":null}},"14":{"start":{"line":47,"column":26},"end":{"line":48,"column":null}}},"fnMap":{"0":{"name":"(anonymous_0)","decl":{"start":{"line":21,"column":2},"end":{"line":21,"column":7}},"loc":{"start":{"line":21,"column":13},"end":{"line":53,"column":null}}},"1":{"name":"(anonymous_1)","decl":{"start":{"line":24,"column":27},"end":{"line":24,"column":28}},"loc":{"start":{"line":24,"column":42},"end":{"line":28,"column":5}}},"2":{"name":"(anonymous_2)","decl":{"start":{"line":31,"column":6},"end":{"line":31,"column":12}},"loc":{"start":{"line":31,"column":12},"end":{"line":31,"column":23}}},"3":{"name":"(anonymous_3)","decl":{"start":{"line":32,"column":7},"end":{"line":32,"column":8}},"loc":{"start":{"line":32,"column":12},"end":{"line":36,"column":7}}},"4":{"name":"(anonymous_4)","decl":{"start":{"line":39,"column":16},"end":{"line":39,"column":21}},"loc":{"start":{"line":39,"column":21},"end":{"line":41,"column":5}}},"5":{"name":"(anonymous_5)","decl":{"start":{"line":43,"column":11},"end":{"line":43,"column":16}},"loc":{"start":{"line":43,"column":16},"end":{"line":52,"column":5}}},"6":{"name":"(anonymous_6)","decl":{"start":{"line":46,"column":30},"end":{"line":46,"column":41}},"loc":{"start":{"line":46,"column":41},"end":{"line":46,"column":null}}},"7":{"name":"(anonymous_7)","decl":{"start":{"line":47,"column":24},"end":{"line":47,"column":26}},"loc":{"start":{"line":47,"column":26},"end":{"line":48,"column":null}}}},"branchMap":{},"s":{"0":3,"1":3,"2":0,"3":0,"4":0,"5":0,"6":0,"7":0,"8":0,"9":0,"10":0,"11":0,"12":0,"13":0,"14":0},"f":{"0":0,"1":0,"2":0,"3":0,"4":0,"5":0,"6":0,"7":0},"b":{}}
}
