TN:
SF:lib/SchemaForm.tsx
FN:25,(anonymous_1)
FN:26,(anonymous_2)
FN:36,(anonymous_3)
FNF:3
FNH:2
FNDA:3,(anonymous_1)
FNDA:0,(anonymous_2)
FNDA:3,(anonymous_3)
DA:1,3
DA:5,3
DA:6,3
DA:10,3
DA:26,3
DA:27,0
DA:30,3
DA:34,3
DA:36,3
DA:37,3
DA:38,3
LF:11
LH:10
BRF:0
BRH:0
end_of_record
TN:
SF:lib/SchemaItem.tsx
FN:16,(anonymous_1)
FN:17,(anonymous_2)
FN:22,(anonymous_3)
FNF:3
FNH:3
FNDA:7,(anonymous_1)
FNDA:7,(anonymous_2)
FNDA:7,(anonymous_3)
DA:1,3
DA:3,3
DA:5,3
DA:6,3
DA:8,3
DA:9,3
DA:11,3
DA:13,3
DA:17,7
DA:18,7
DA:19,7
DA:22,7
DA:23,7
DA:25,7
DA:29,7
DA:35,2
DA:36,2
DA:39,3
DA:40,3
DA:43,1
DA:44,1
DA:47,1
DA:48,1
DA:51,0
DA:55,7
LF:25
LH:24
BRF:0
BRH:0
end_of_record
TN:
SF:lib/context.ts
FN:6,useVJSFContext
FNF:1
FNH:1
FNDA:2,useVJSFContext
DA:1,3
DA:4,3
DA:6,3
DA:8,2
DA:11,0
DA:14,2
LF:6
LH:5
BRF:0
BRH:0
end_of_record
TN:
SF:lib/index.ts
FNF:0
FNH:0
DA:3,3
DA:4,3
DA:5,3
DA:6,3
DA:7,3
DA:9,3
DA:11,3
DA:12,3
LF:8
LH:8
BRF:0
BRH:0
end_of_record
TN:
SF:lib/types.ts
FN:3,(anonymous_0)
FNF:1
FNH:1
FNDA:3,(anonymous_0)
DA:1,3
DA:3,3
DA:4,3
DA:5,3
DA:6,3
DA:7,3
DA:8,3
DA:9,3
DA:52,3
DA:70,3
LF:10
LH:10
BRDA:3,0,0,3
BRDA:3,0,1,3
BRF:2
BRH:2
end_of_record
TN:
SF:lib/utils.ts
FN:9,isObject
FN:13,isEmptyObject
FN:17,hasOwnProperty
FN:30,validateData
FN:39,resolveSchema
FN:48,(anonymous_6)
FN:58,retrieveSchema
FN:98,stubExistingAdditionalProperties
FN:109,(anonymous_9)
FN:150,resolveReference
FN:159,findSchemaDefinition
FN:178,resolveDependencies
FN:198,processDependencies
FN:240,withDependentProperties
FN:250,withDependentSchema
FN:271,(anonymous_16)
FN:285,withExactlyOneSubschema
FN:292,(anonymous_18)
FN:332,mergeSchemas
FN:334,(anonymous_20)
FN:366,getSchemaType
FN:383,(anonymous_22)
FN:415,guessType
FN:433,isConstant
FN:440,isSelect
FN:446,(anonymous_26)
FN:451,isMultiSelect
FN:459,getMatchingOption
FN:478,(anonymous_29)
FN:518,mergeDefaultsWithFormData
FN:523,(anonymous_31)
FN:531,(anonymous_32)
FN:543,getDefaultFormState
FNF:33
FNH:4
FNDA:8,isObject
FNDA:0,isEmptyObject
FNDA:21,hasOwnProperty
FNDA:0,validateData
FNDA:7,resolveSchema
FNDA:0,(anonymous_6)
FNDA:7,retrieveSchema
FNDA:0,stubExistingAdditionalProperties
FNDA:0,(anonymous_9)
FNDA:0,resolveReference
FNDA:0,findSchemaDefinition
FNDA:0,resolveDependencies
FNDA:0,processDependencies
FNDA:0,withDependentProperties
FNDA:0,withDependentSchema
FNDA:0,(anonymous_16)
FNDA:0,withExactlyOneSubschema
FNDA:0,(anonymous_18)
FNDA:0,mergeSchemas
FNDA:0,(anonymous_20)
FNDA:0,getSchemaType
FNDA:0,(anonymous_22)
FNDA:0,guessType
FNDA:0,isConstant
FNDA:0,isSelect
FNDA:0,(anonymous_26)
FNDA:0,isMultiSelect
FNDA:0,getMatchingOption
FNDA:0,(anonymous_29)
FNDA:0,mergeDefaultsWithFormData
FNDA:0,(anonymous_31)
FNDA:0,(anonymous_32)
FNDA:0,getDefaultFormState
DA:1,3
DA:5,3
DA:6,3
DA:7,3
DA:9,3
DA:10,8
DA:13,3
DA:14,0
DA:17,3
DA:22,21
DA:29,3
DA:30,3
DA:31,0
DA:32,0
DA:39,3
DA:41,0
DA:43,0
DA:44,0
DA:46,0
DA:49,0
DA:54,7
DA:58,3
DA:64,0
DA:66,7
DA:71,0
DA:77,0
DA:78,0
DA:79,0
DA:83,7
DA:87,0
DA:93,7
DA:96,3
DA:98,3
DA:104,0
DA:109,0
DA:112,0
DA:117,0
DA:123,0
DA:125,0
DA:129,0
DA:131,0
DA:134,0
DA:152,0
DA:154,0
DA:156,0
DA:159,3
DA:160,0
DA:163,0
DA:165,0
DA:167,0
DA:169,0
DA:173,0
DA:175,0
DA:184,0
DA:186,0
DA:191,0
DA:196,0
DA:208,0
DA:215,0
DA:218,0
DA:220,0
DA:222,0
DA:230,0
DA:237,0
DA:242,0
DA:244,0
DA:247,0
DA:258,0
DA:263,0
DA:266,0
DA:268,0
DA:271,0
DA:272,0
DA:276,0
DA:292,0
DA:294,0
DA:296,0
DA:298,0
DA:305,0
DA:306,0
DA:310,0
DA:313,0
DA:316,0
DA:318,0
DA:319,0
DA:320,0
DA:332,3
DA:333,0
DA:334,0
DA:335,0
DA:336,0
DA:338,0
DA:349,0
DA:351,0
DA:353,0
DA:366,3
DA:367,0
DA:370,0
DA:374,0
DA:378,0
DA:381,0
DA:383,0
DA:386,0
DA:415,3
DA:417,0
DA:419,0
DA:421,0
DA:423,0
DA:425,0
DA:427,0
DA:430,0
DA:433,3
DA:434,0
DA:440,3
DA:441,0
DA:442,0
DA:444,0
DA:446,0
DA:448,0
DA:451,3
DA:453,0
DA:455,0
DA:459,3
DA:464,0
DA:465,0
DA:477,0
DA:478,0
DA:488,0
DA:491,0
DA:494,0
DA:497,0
DA:499,0
DA:501,0
DA:506,0
DA:509,0
DA:512,0
DA:515,0
DA:518,3
DA:521,0
DA:523,0
DA:525,0
DA:527,0
DA:530,0
DA:531,0
DA:532,0
DA:536,0
DA:539,0
DA:543,3
DA:550,0
DA:553,0
DA:564,0
DA:567,0
DA:570,0
DA:572,0
LF:154
LH:29
BRDA:10,0,0,8
BRDA:10,0,1,8
BRDA:10,0,2,8
BRDA:14,1,0,0
BRDA:14,1,1,0
BRDA:39,2,0,0
BRDA:39,3,0,0
BRDA:45,4,0,7
BRDA:45,4,1,0
BRDA:60,5,0,0
BRDA:61,6,0,4
BRDA:83,7,0,7
BRDA:83,7,1,0
BRDA:100,8,0,0
BRDA:101,9,0,0
BRDA:159,10,0,0
BRDA:184,11,0,0
BRDA:212,12,0,0
BRDA:212,12,1,0
BRDA:244,13,0,0
BRDA:244,13,1,0
BRDA:272,14,0,0
BRDA:272,14,1,0
BRDA:306,15,0,0
BRDA:306,15,1,0
BRDA:335,16,0,0
BRDA:335,16,1,0
BRDA:337,17,0,0
BRDA:337,17,1,0
BRDA:337,17,2,0
BRDA:340,18,0,0
BRDA:340,18,1,0
BRDA:340,18,2,0
BRDA:340,18,3,0
BRDA:340,18,4,0
BRDA:340,18,5,0
BRDA:340,18,6,0
BRDA:369,19,0,0
BRDA:369,19,1,0
BRDA:373,20,0,0
BRDA:373,20,1,0
BRDA:377,21,0,0
BRDA:377,21,1,0
BRDA:377,21,2,0
BRDA:382,22,0,0
BRDA:382,22,1,0
BRDA:382,22,2,0
BRDA:435,23,0,0
BRDA:435,23,1,0
BRDA:435,23,2,0
BRDA:440,24,0,0
BRDA:442,25,0,0
BRDA:442,25,1,0
BRDA:451,26,0,0
BRDA:452,27,0,0
BRDA:452,27,1,0
BRDA:533,28,0,0
BRDA:533,28,1,0
BRDA:566,29,0,0
BRDA:566,29,1,0
BRDA:569,30,0,0
BRDA:569,30,1,0
BRDA:569,30,2,0
BRDA:572,31,0,0
BRDA:572,31,1,0
BRF:65
BRH:6
end_of_record
TN:
SF:lib/fields/ArrayField.tsx
FN:53,(anonymous_1)
FN:56,(anonymous_2)
FN:57,(anonymous_3)
FN:58,(anonymous_4)
FN:59,(anonymous_5)
FN:61,(anonymous_6)
FN:105,(anonymous_7)
FN:108,(anonymous_8)
FN:117,(anonymous_9)
FN:126,(anonymous_10)
FN:135,(anonymous_11)
FN:146,(anonymous_12)
FN:158,(anonymous_13)
FN:169,(anonymous_14)
FN:175,(anonymous_15)
FN:181,(anonymous_16)
FN:188,(anonymous_17)
FN:195,(anonymous_18)
FN:202,(anonymous_19)
FNF:19
FNH:3
FNDA:0,(anonymous_1)
FNDA:0,(anonymous_2)
FNDA:0,(anonymous_3)
FNDA:0,(anonymous_4)
FNDA:0,(anonymous_5)
FNDA:0,(anonymous_6)
FNDA:1,(anonymous_7)
FNDA:0,(anonymous_8)
FNDA:0,(anonymous_9)
FNDA:0,(anonymous_10)
FNDA:0,(anonymous_11)
FNDA:0,(anonymous_12)
FNDA:1,(anonymous_13)
FNDA:2,(anonymous_14)
FNDA:0,(anonymous_15)
FNDA:0,(anonymous_16)
FNDA:0,(anonymous_17)
FNDA:0,(anonymous_18)
FNDA:0,(anonymous_19)
DA:1,3
DA:2,3
DA:4,3
DA:6,3
DA:8,3
DA:10,3
DA:29,3
DA:54,0
DA:56,0
DA:57,0
DA:58,0
DA:59,0
DA:61,0
DA:62,0
DA:63,0
DA:102,3
DA:106,1
DA:108,1
DA:109,0
DA:110,0
DA:112,0
DA:114,0
DA:117,1
DA:118,0
DA:119,0
DA:121,0
DA:123,0
DA:126,1
DA:127,0
DA:128,0
DA:130,0
DA:132,0
DA:135,1
DA:136,0
DA:137,0
DA:138,0
DA:140,0
DA:141,0
DA:143,0
DA:146,1
DA:147,0
DA:148,0
DA:150,0
DA:152,0
DA:153,0
DA:155,0
DA:158,1
DA:159,1
DA:161,1
DA:163,1
DA:164,1
DA:167,1
DA:168,1
DA:169,2
DA:175,0
DA:179,0
DA:181,0
DA:182,0
DA:188,0
DA:195,0
DA:201,0
DA:202,0
DA:206,0
LF:63
LH:22
BRDA:79,0,0,0
BRDA:79,0,1,0
BRDA:110,1,0,0
BRDA:110,1,1,0
BRDA:119,2,0,0
BRDA:119,2,1,0
BRDA:128,3,0,0
BRDA:128,3,1,0
BRDA:136,4,0,0
BRDA:138,5,0,0
BRDA:138,5,1,0
BRDA:148,6,0,0
BRDA:148,6,1,0
BRDA:150,7,0,0
BRDA:164,8,0,1
BRDA:164,8,1,1
BRDA:168,9,0,1
BRDA:168,9,1,0
BRDA:179,10,0,0
BRDA:179,10,1,0
BRF:20
BRH:3
end_of_record
TN:
SF:lib/fields/NumberField.tsx
FN:7,(anonymous_0)
FN:8,(anonymous_1)
FN:20,(anonymous_2)
FNF:3
FNH:2
FNDA:3,(anonymous_0)
FNDA:0,(anonymous_1)
FNDA:3,(anonymous_2)
DA:1,3
DA:2,3
DA:4,3
DA:8,3
DA:9,0
DA:11,0
DA:14,0
DA:16,0
DA:20,3
DA:21,3
DA:22,3
LF:11
LH:7
BRF:0
BRH:0
end_of_record
TN:
SF:lib/fields/ObjectField.tsx
FN:28,(anonymous_0)
FN:31,(anonymous_1)
FN:43,(anonymous_2)
FN:52,(anonymous_3)
FN:58,(anonymous_4)
FNF:5
FNH:3
FNDA:1,(anonymous_0)
FNDA:0,(anonymous_1)
FNDA:1,(anonymous_2)
FNDA:2,(anonymous_3)
FNDA:0,(anonymous_4)
DA:1,3
DA:3,3
DA:4,3
DA:5,3
DA:11,3
DA:25,3
DA:29,1
DA:31,1
DA:32,0
DA:35,0
DA:37,0
DA:40,0
DA:43,1
DA:44,1
DA:46,1
DA:48,1
DA:50,1
DA:52,2
DA:58,0
LF:19
LH:14
BRDA:32,0,0,0
BRDA:32,0,1,0
BRDA:48,1,0,1
BRDA:48,1,1,0
BRDA:50,2,0,1
BRDA:50,2,1,0
BRF:6
BRH:2
end_of_record
TN:
SF:lib/fields/StringField.tsx
FN:8,(anonymous_0)
FN:9,(anonymous_1)
FN:12,(anonymous_2)
FNF:3
FNH:2
FNDA:2,(anonymous_0)
FNDA:0,(anonymous_1)
FNDA:2,(anonymous_2)
DA:1,3
DA:3,3
DA:5,3
DA:9,2
DA:10,0
DA:12,2
DA:13,2
LF:7
LH:6
BRF:0
BRH:0
end_of_record
TN:
SF:lib/widgets/Selection.tsx
FN:21,(anonymous_0)
FN:24,(anonymous_1)
FN:31,(anonymous_2)
FN:32,(anonymous_3)
FN:39,(anonymous_4)
FN:43,(anonymous_5)
FN:46,(anonymous_6)
FN:47,(anonymous_7)
FNF:8
FNH:0
FNDA:0,(anonymous_0)
FNDA:0,(anonymous_1)
FNDA:0,(anonymous_2)
FNDA:0,(anonymous_3)
FNDA:0,(anonymous_4)
FNDA:0,(anonymous_5)
FNDA:0,(anonymous_6)
FNDA:0,(anonymous_7)
DA:1,3
DA:3,3
DA:22,0
DA:24,0
DA:26,0
DA:30,0
DA:31,0
DA:34,0
DA:39,0
DA:40,0
DA:43,0
DA:44,0
DA:45,0
DA:46,0
DA:47,0
LF:15
LH:2
BRF:0
BRH:0
end_of_record
